<?xml version='1.0' encoding='UTF-8'?>
<testsuite hostname="MacBook-Pro-de-Fernando.local" name="FunctionalTest" tests="3" errors="0" failures="0" skipped="0" time="13.043" timestamp="2022-02-13T22:32:40">
                     <properties>
[...]
</properties>
                     <testcase classname="FunctionalTest" name="testController" time="12.196">
                                                 
                                               </testcase><testcase classname="FunctionalTest" name="testRecipeModel" time="0.428">
                                                 
                                               </testcase><testcase classname="FunctionalTest" name="testViewRecipe" time="0.419">
                                                 
                                               </testcase>
                     <system-out><![CDATA[]]></system-out>
                     <system-err><![CDATA[]]></system-err>
                   </testsuite>